2024-10-25 17:13:55,683 - INFO - Initialized history file.
2024-10-25 18:03:56,750 - INFO - Loaded plugin: add
2024-10-25 18:03:56,750 - INFO - Loaded plugin: subtract
2024-10-25 18:03:56,751 - INFO - Loaded plugin: multiply
2024-10-25 18:03:56,751 - INFO - Loaded plugin: squareroot
2024-10-25 18:03:56,751 - INFO - Loaded plugin: divide
2024-10-25 18:03:56,752 - INFO - Loaded plugin: exponent
2024-10-25 18:03:56,752 - INFO - Loaded plugin: cube
2024-10-25 18:03:56,752 - INFO - Loaded plugin: square
2024-10-25 18:04:09,321 - INFO - Added history entry: add, 1.0, 1.0, 2.0
2024-10-25 18:04:09,321 - INFO - Operation: add, Operands: 1.0, 1.0, Result: 2.0
2024-10-25 18:05:12,804 - INFO - Added history entry: exponent, 2.0, 2.0, 4.0
2024-10-25 18:05:12,804 - INFO - Operation: exponent, Operands: 2.0, 2.0, Result: 4.0
2024-10-25 18:06:12,341 - INFO - Loaded plugin: add
2024-10-25 18:06:12,341 - INFO - Loaded plugin: subtract
2024-10-25 18:06:12,342 - INFO - Loaded plugin: multiply
2024-10-25 18:06:12,342 - INFO - Loaded plugin: squareroot
2024-10-25 18:06:12,342 - INFO - Loaded plugin: divide
2024-10-25 18:06:12,343 - INFO - Loaded plugin: exponent
2024-10-25 18:06:12,343 - INFO - Loaded plugin: cube
2024-10-25 18:06:12,343 - INFO - Loaded plugin: square
2024-10-25 18:06:18,461 - INFO - Added history entry: add, 2.0, 2.0, 4.0
2024-10-25 18:06:18,461 - INFO - Operation: add, Operands: 2.0, 2.0, Result: 4.0
2024-10-25 18:09:12,585 - INFO - Loaded plugin: add
2024-10-25 18:09:12,585 - INFO - Loaded plugin: subtract
2024-10-25 18:09:12,585 - INFO - Loaded plugin: multiply
2024-10-25 18:09:12,586 - INFO - Loaded plugin: squareroot
2024-10-25 18:09:12,586 - INFO - Loaded plugin: divide
2024-10-25 18:09:12,586 - INFO - Loaded plugin: exponent
2024-10-25 18:09:12,586 - INFO - Loaded plugin: cube
2024-10-25 18:09:12,586 - INFO - Loaded plugin: square
2024-10-25 18:09:15,473 - INFO - Added history entry: add, 1.0, 1.0, 2.0
2024-10-25 18:09:15,473 - INFO - Operation: add, Operands: 1.0, 1.0, Result: 2.0
2024-10-25 18:09:21,372 - INFO - Added history entry: subtract, 10.0, 9.0, 1.0
2024-10-25 18:09:21,373 - INFO - Operation: subtract, Operands: 10.0, 9.0, Result: 1.0
2024-10-25 18:12:21,985 - INFO - Loaded plugin: add
2024-10-25 18:12:21,985 - INFO - Loaded plugin: subtract
2024-10-25 18:12:21,985 - INFO - Loaded plugin: multiply
2024-10-25 18:12:21,985 - INFO - Loaded plugin: squareroot
2024-10-25 18:12:21,985 - INFO - Loaded plugin: divide
2024-10-25 18:12:21,986 - INFO - Loaded plugin: exponent
2024-10-25 18:12:21,986 - INFO - Loaded plugin: cube
2024-10-25 18:12:21,986 - INFO - Loaded plugin: square
2024-10-25 18:12:28,118 - INFO - Added history entry: multiply, 2.0, 2.0, 4.0
2024-10-25 18:12:28,119 - INFO - Operation: multiply, Operands: 2.0, 2.0, Result: 4.0
2024-10-25 18:12:33,891 - INFO - Added history entry: divide, 10.0, 2.0, 5.0
2024-10-25 18:12:33,891 - INFO - Operation: divide, Operands: 10.0, 2.0, Result: 5.0
2024-10-25 18:12:39,139 - INFO - Added history entry: square, 2.0, None, 4.0
2024-10-25 18:12:39,139 - INFO - Operation: square, Operands: 2.0, None, Result: 4.0
2024-10-25 18:12:45,293 - INFO - Added history entry: squareroot, 1.0, None, 1.0
2024-10-25 18:12:45,293 - INFO - Operation: squareroot, Operands: 1.0, None, Result: 1.0
2024-10-25 18:12:53,329 - INFO - Added history entry: cube, 3.0, None, 27.0
2024-10-25 18:12:53,329 - INFO - Operation: cube, Operands: 3.0, None, Result: 27.0
2024-10-25 18:16:57,797 - INFO - Loaded plugin: add
2024-10-25 18:16:57,797 - INFO - Loaded plugin: subtract
2024-10-25 18:16:57,797 - INFO - Loaded plugin: multiply
2024-10-25 18:16:57,798 - INFO - Loaded plugin: squareroot
2024-10-25 18:16:57,798 - INFO - Loaded plugin: divide
2024-10-25 18:16:57,798 - INFO - Loaded plugin: exponent
2024-10-25 18:16:57,798 - INFO - Loaded plugin: cube
2024-10-25 18:16:57,798 - INFO - Loaded plugin: square
2024-10-25 18:17:03,252 - INFO - Cleared history file.
2024-10-25 18:17:11,375 - INFO - History file deleted.
2024-10-25 18:17:17,625 - INFO - Added history entry: add, 2.0, 2.0, 4.0
2024-10-25 18:17:17,625 - INFO - Operation: add, Operands: 2.0, 2.0, Result: 4.0
2024-10-25 18:17:23,032 - INFO - Added history entry: subtract, 2.0, 2.0, 0.0
2024-10-25 18:17:23,032 - INFO - Operation: subtract, Operands: 2.0, 2.0, Result: 0.0
2024-10-25 18:17:28,590 - INFO - Added history entry: cube, 8.0, None, 512.0
2024-10-25 18:17:28,591 - INFO - Operation: cube, Operands: 8.0, None, Result: 512.0
2024-10-25 18:17:34,085 - INFO - History saved.
2024-10-25 18:19:18,075 - INFO - Loaded plugin: add
2024-10-25 18:19:18,075 - INFO - Loaded plugin: subtract
2024-10-25 18:19:18,075 - INFO - Loaded plugin: multiply
2024-10-25 18:19:18,075 - INFO - Loaded plugin: squareroot
2024-10-25 18:19:18,075 - INFO - Loaded plugin: divide
2024-10-25 18:19:18,075 - INFO - Loaded plugin: exponent
2024-10-25 18:19:18,075 - INFO - Loaded plugin: cube
2024-10-25 18:19:18,076 - INFO - Loaded plugin: square
2024-10-25 18:19:25,565 - INFO - Added history entry: add, 2.0, 2.0, 4.0
2024-10-25 18:19:25,565 - INFO - Operation: add, Operands: 2.0, 2.0, Result: 4.0
2024-10-25 18:19:35,526 - INFO - Added history entry: add, 1.0, 100.0, 101.0
2024-10-25 18:19:35,526 - INFO - Operation: add, Operands: 1.0, 100.0, Result: 101.0
2024-10-25 18:19:41,474 - INFO - Added history entry: cube, 2.0, None, 8.0
2024-10-25 18:19:41,474 - INFO - Operation: cube, Operands: 2.0, None, Result: 8.0
2024-10-25 18:20:06,449 - INFO - Added history entry: divide, 100.0, 10.0, 10.0
2024-10-25 18:20:06,449 - INFO - Operation: divide, Operands: 100.0, 10.0, Result: 10.0
2024-10-25 18:20:12,532 - INFO - Added history entry: exponent, 1.0, 1.0, 1.0
2024-10-25 18:20:12,532 - INFO - Operation: exponent, Operands: 1.0, 1.0, Result: 1.0
2024-10-25 18:20:21,095 - INFO - Added history entry: multiply, 10.0, 10.0, 100.0
2024-10-25 18:20:21,095 - INFO - Operation: multiply, Operands: 10.0, 10.0, Result: 100.0
2024-10-25 18:20:36,757 - INFO - Added history entry: square, 11.0, None, 121.0
2024-10-25 18:20:36,757 - INFO - Operation: square, Operands: 11.0, None, Result: 121.0
2024-10-25 18:20:42,641 - INFO - Added history entry: squareroot, 1.0, None, 1.0
2024-10-25 18:20:42,641 - INFO - Operation: squareroot, Operands: 1.0, None, Result: 1.0
2024-10-25 18:20:48,125 - INFO - Added history entry: subtract, 10.0, 9.0, 1.0
2024-10-25 18:20:48,125 - INFO - Operation: subtract, Operands: 10.0, 9.0, Result: 1.0
2024-10-25 18:21:54,552 - INFO - History saved.
